0

0; 1
0; 1; 2
3
0; 1; 2; 3; 4
0; 1; 2; 3; 4; 5
0; 1; 2; 3; 4; 5; 6
0; 1; 2; 3; 4; 5; 6; 7
0

1

2

3

4

5

6

7

0

1

2

3

4

5

6

7

0

1

2

3

4

5

6

7

0; 1; 2; 3; 4; 5; 6; 7; 8
0
It was not in the array.
1
It was not in the array.
2
It was not in the array.
3
It was not in the array.
4
It was not in the array.
5
It was not in the array.
6
It was not in the array.
7
It was not in the array.
8
It was not in the array.
0
It was not in the array.
1
It was not in the array.
2
It was not in the array.
3
It was not in the array.
4
It was not in the array.
5
It was not in the array.
6
It was not in the array.
7
It was not in the array.
8
It was not in the array.
0
It was not in the array.
1
It was not in the array.
2
It was not in the array.
3
It was not in the array.
4
It was not in the array.
5
It was not in the array.
6
It was not in the array.
7
It was not in the array.
8
It was not in the array.
0; 1; 2; 3; 4; 5; 6; 7; 8; 9
0
integer
It was not in the array.
1
integer
It was not in the array.
2
integer
It was not in the array.
3
integer
It was not in the array.
4
integer
It was not in the array.
5
integer
It was not in the array.
6
integer
It was not in the array.
7
integer
It was not in the array.
8
integer
It was not in the array.
9
integer
It was not in the array.
0
integer
It was not in the array.
1
integer
It was not in the array.
2
integer
It was not in the array.
3
integer
It was not in the array.
4
integer
It was not in the array.
5
integer
It was not in the array.
6
integer
It was not in the array.
7
integer
It was not in the array.
8
integer
It was not in the array.
9
integer
It was not in the array.
0
integer
It was not in the array.
1
integer
It was not in the array.
2
integer
It was not in the array.
3
integer
It was not in the array.
4
integer
It was not in the array.
5
integer
It was not in the array.
6
integer
It was not in the array.
7
integer
It was not in the array.
8
integer
It was not in the array.
9
integer
It was not in the array.
0
0
integer
NULL
It was not in the array.
0
integer
NULL
It was not in the array.
0
integer
NULL
It was not in the array.
0; 1
0
integer
NULL
It was not in the array.
1
integer
NULL
It was not in the array.
0
integer
NULL
It was not in the array.
1
integer
NULL
It was not in the array.
0
integer
NULL
It was not in the array.
1
integer
NULL
It was not in the array.
